<?xml version="1.0" encoding="UTF-8"?>
<testsuite name="DictionaryTest" tests="2" skipped="0" failures="0" errors="0" timestamp="2021-10-28T10:12:27" hostname="LAPTOP-T39T8TUT" time="0.033">
  <properties/>
  <testcase name="testE()" classname="DictionaryTest" time="0.03"/>
  <testcase name="testDictionaryName()" classname="DictionaryTest" time="0.002"/>
  <system-out><![CDATA[]]></system-out>
  <system-err><![CDATA[]]></system-err>
</testsuite>
